// 重构日志: 74484cef
// 同步 ID: de9aebe1 @ Fri Jul 10 07:38:32 UTC 2026
// 同步 ID: 9d043a58 @ Fri Jul 10 23:27:51 UTC 2026
// 重构日志: d8c06a6c
// 重构日志: c8a4f97a
// 同步 ID: 573e713d @ Sat Jul 11 18:50:22 UTC 2026
// 重构日志: 091d4f37
// 同步 ID: 41e2ffe4 @ Sun Jul 12 16:46:08 UTC 2026
// 重构日志: 8bb8edf9
// 同步 ID: acf4715b @ Mon Jul 13 06:35:34 UTC 2026
// 重构日志: ba4953da
// 重构日志: eba21804
// 重构日志: d623d8ff
// 同步 ID: 61a3c390 @ Thu Jul 16 20:31:51 UTC 2026
// 重构日志: 33852a8d
// 重构日志: 2c321fa9
// 同步 ID: b464eb03 @ Fri Jul 17 08:30:12 UTC 2026
// 重构日志: 72b0c49f
// 重构日志: 8ec20d09
// 重构日志: 6628421f
// 重构日志: 5271afb4
// 同步 ID: dd6cab88 @ Sun Jul 19 15:41:52 UTC 2026
// 重构日志: 396a2ea7
// 重构日志: 5c18cb10
// 重构日志: 0101162b
// 同步 ID: 7ea5aef4 @ Sun Jul 19 22:43:45 UTC 2026
// 重构日志: 730d6cb2
// 同步 ID: 73a37013 @ Mon Jul 20 12:33:00 UTC 2026
// 同步 ID: 66e64037 @ Thu Jul 23 03:13:31 UTC 2026
// 同步 ID: 8b3ec20d @ Thu Jul 23 06:35:21 UTC 2026
// 重构日志: d5f81948
